[0m2021.07.27 16:09:22 INFO  Started: Metals version 0.10.5 in workspace '/Users/jluna/Desktop/Scala/hello-world' for client Visual Studio Code 1.58.2.[0m
[0m2021.07.27 16:09:22 INFO  time: initialize in 0.39s[0m
[0m2021.07.27 16:09:22 WARN  Build server is not auto-connectable.[0m
[0m2021.07.27 16:09:32 INFO  running '/Users/jluna/.jabba/jdk/adopt@1.8.0-292/Contents/Home/bin/java -Djline.terminal=jline.UnsupportedTerminal -Dsbt.log.noformat=true -Dfile.encoding=UTF-8 -jar /var/folders/g9/30p45mbn63jgyj8qsv5ghj2c0000gp/T/metals1304924776274347822/sbt-launch.jar -Dbloop.export-jar-classifiers=sources bloopInstall'[0m
[0m2021.07.27 16:09:33 WARN  no build target for: /Users/jluna/Desktop/Scala/hello-world/project/metals.sbt[0m
[0m2021.07.27 16:09:33 WARN  no build target for: /Users/jluna/Desktop/Scala/hello-world/project/project/metals.sbt[0m
[0m2021.07.27 16:09:33 INFO  skipping build import with status 'Started'[0m
[0m2021.07.27 16:09:34 INFO  [info] welcome to sbt 1.5.5 (AdoptOpenJDK Java 1.8.0_292)[0m
[0m2021.07.27 16:09:35 INFO  no build target: using presentation compiler with only scala-library: 2.12.14[0m
[0m2021.07.27 16:09:37 INFO  [info] loading settings for project hello-world-build-build from metals.sbt ...[0m
[0m2021.07.27 16:09:38 INFO  [info] loading project definition from /Users/jluna/Desktop/Scala/hello-world/project/project[0m
[0m2021.07.27 16:09:42 INFO  [info] loading settings for project hello-world-build from metals.sbt ...[0m
[0m2021.07.27 16:09:42 INFO  [info] loading project definition from /Users/jluna/Desktop/Scala/hello-world/project[0m
[0m2021.07.27 16:09:44 INFO  [success] Generated .bloop/hello-world-build.json[0m
[0m2021.07.27 16:09:44 INFO  [success] Total time: 2 s, completed Jul 27, 2021 4:09:44 PM[0m
[0m2021.07.27 16:09:47 INFO  [info] loading settings for project hello-world from build.sbt ...[0m
[0m2021.07.27 16:09:47 INFO  [info] set current project to hello-world (in build file:/Users/jluna/Desktop/Scala/hello-world/)[0m
[0m2021.07.27 16:09:48 INFO  [success] Generated .bloop/hello-world-test.json[0m
[0m2021.07.27 16:09:48 INFO  [success] Generated .bloop/hello-world.json[0m
[0m2021.07.27 16:09:48 INFO  [success] Total time: 1 s, completed Jul 27, 2021 4:09:48 PM[0m
[0m2021.07.27 16:09:48 INFO  sbt bloopInstall exit: 0[0m
[0m2021.07.27 16:09:49 INFO  time: ran 'sbt bloopInstall' in 16s[0m
[0m2021.07.27 16:09:49 INFO  Attempting to connect to the build server...[0m
Starting the bsp launcher for bloop...
Opening a bsp server connection with 'bsp --protocol local --socket /var/folders/g9/30p45mbn63jgyj8qsv5ghj2c0000gp/T/bsp-launcher1498434221911604071/bsp.socket'...
Waiting for the bsp connection to come up...
Waiting for the bsp connection to come up...
Waiting for the bsp connection to come up...
Waiting for the bsp connection to come up...
No server running at 127.0.0.1:8212, let's fire one...
Resolving ch.epfl.scala:bloop-frontend_2.12:1.4.8-19-4d9f966b...
Starting bloop server at 127.0.0.1:8212...
Attempting a connection to the server...
Attempting a connection to the server...
Attempting a connection to the server...
Attempting a connection to the server...
[0m[32m[D][0m Loading 2 projects from '/Users/jluna/Desktop/Scala/hello-world/.bloop'...
[0m[32m[D][0m Loading project from '/Users/jluna/Desktop/Scala/hello-world/.bloop/hello-world.json'
[0m[32m[D][0m Loading project from '/Users/jluna/Desktop/Scala/hello-world/.bloop/hello-world-test.json'
[0m[32m[D][0m Cache miss for scala instance org.scala-lang:scala-compiler:2.13.3.
[0m[32m[D][0m   => /Users/jluna/Library/Caches/Coursier/v1/https/repo1.maven.org/maven2/net/java/dev/jna/jna/5.3.1/jna-5.3.1.jar
[0m[32m[D][0m   => /Users/jluna/Library/Caches/Coursier/v1/https/repo1.maven.org/maven2/org/jline/jline/3.15.0/jline-3.15.0.jar
[0m[32m[D][0m   => /Users/jluna/Library/Caches/Coursier/v1/https/repo1.maven.org/maven2/org/scala-lang/scala-compiler/2.13.3/scala-compiler-2.13.3.jar
[0m[32m[D][0m   => /Users/jluna/Library/Caches/Coursier/v1/https/repo1.maven.org/maven2/org/scala-lang/scala-library/2.13.3/scala-library-2.13.3.jar
[0m[32m[D][0m   => /Users/jluna/Library/Caches/Coursier/v1/https/repo1.maven.org/maven2/org/scala-lang/scala-reflect/2.13.3/scala-reflect-2.13.3.jar
[0m[32m[D][0m Missing analysis file for project 'hello-world'
[0m[32m[D][0m Missing analysis file for project 'hello-world-test'
[0m[32m[D][0m Waiting for a connection at local:///var/folders/g9/30p45mbn63jgyj8qsv5ghj2c0000gp/T/bsp-launcher1498434221911604071/bsp.socket...
The server is listening for incoming connections at local:///var/folders/g9/30p45mbn63jgyj8qsv5ghj2c0000gp/T/bsp-launcher1498434221911604071/bsp.socket...
Starting thread that pumps stdin and redirects it to the bsp server...
Starting thread that pumps server stdout and redirects it to the client stdout...
[0m2021.07.27 16:09:53 INFO  tracing is disabled for protocol BSP, to enable tracing of incoming and outgoing JSON messages create an empty file at /Users/jluna/Library/Caches/org.scalameta.metals/bsp.trace.json[0m
[0m2021.07.27 16:09:54 INFO  Attempting to connect to the build server...[0m
Starting the bsp launcher for bloop...
Opening a bsp server connection with 'bsp --protocol local --socket /var/folders/g9/30p45mbn63jgyj8qsv5ghj2c0000gp/T/bsp-launcher6451608145353878395/bsp.socket'...
Waiting for the bsp connection to come up...
[0m[32m[D][0m Loading workspace settings from bloop.settings.json
[0m[32m[D][0m Waiting for a connection at local:///var/folders/g9/30p45mbn63jgyj8qsv5ghj2c0000gp/T/bsp-launcher6451608145353878395/bsp.socket...
The server is listening for incoming connections at local:///var/folders/g9/30p45mbn63jgyj8qsv5ghj2c0000gp/T/bsp-launcher6451608145353878395/bsp.socket...
Starting thread that pumps stdin and redirects it to the bsp server...
Starting thread that pumps server stdout and redirects it to the client stdout...
[0m2021.07.27 16:09:54 INFO  tracing is disabled for protocol BSP, to enable tracing of incoming and outgoing JSON messages create an empty file at /Users/jluna/Library/Caches/org.scalameta.metals/bsp.trace.json[0m
[0m2021.07.27 16:09:54 INFO  time: Connected to build server in 5.96s[0m
[0m2021.07.27 16:09:54 INFO  Connected to Build server: Bloop v1.4.8-19-4d9f966b[0m
[0m2021.07.27 16:09:55 INFO  time: Imported build in 0.11s[0m
[0m2021.07.27 16:09:57 INFO  time: indexed workspace in 2.62s[0m
